[23-Apr-2025 23:56:20 UTC] PHP Parse error:  syntax error, unexpected token ";" in /Applications/XAMPP/xamppfiles/htdocs/eastongeo/wp-content/plugins/custom-fields.php on line 133
[23-Apr-2025 23:56:27 UTC] PHP Parse error:  syntax error, unexpected token ";" in /Applications/XAMPP/xamppfiles/htdocs/eastongeo/wp-content/plugins/custom-fields.php on line 132
[23-Apr-2025 23:56:31 UTC] PHP Parse error:  syntax error, unexpected token ";" in /Applications/XAMPP/xamppfiles/htdocs/eastongeo/wp-content/plugins/custom-fields.php on line 132
[23-Apr-2025 23:56:42 UTC] PHP Parse error:  syntax error, unexpected token ";" in /Applications/XAMPP/xamppfiles/htdocs/eastongeo/wp-content/plugins/custom-fields.php on line 132
[25-Apr-2025 18:57:50 UTC] Automatic updates starting...
[25-Apr-2025 18:57:50 UTC] Automatic updates complete.
[25-Apr-2025 20:32:13 UTC] Automatic updates starting...
[25-Apr-2025 20:32:13 UTC] Automatic updates complete.
[26-Apr-2025 16:12:22 UTC] Automatic updates starting...
[26-Apr-2025 16:12:23 UTC] Automatic updates complete.
[27-Apr-2025 02:15:55 UTC] Automatic updates starting...
[27-Apr-2025 02:15:56 UTC] Automatic updates complete.
[27-Apr-2025 08:28:35 UTC] Automatic updates starting...
[27-Apr-2025 08:28:35 UTC] Automatic updates complete.
[27-Apr-2025 20:56:06 UTC] Automatic updates starting...
[27-Apr-2025 20:56:07 UTC] Automatic updates complete.
[28-Apr-2025 08:28:23 UTC] Automatic updates starting...
[28-Apr-2025 08:28:24 UTC] Automatic updates complete.
[28-Apr-2025 20:30:47 UTC] Automatic updates starting...
[28-Apr-2025 20:30:48 UTC] Automatic updates complete.
[28-Apr-2025 21:41:39 UTC] PHP Warning:  Trying to access array offset on value of type null in /Applications/XAMPP/xamppfiles/htdocs/eastongeo/wp-content/themes/eastongeo/page-home.php on line 15
[28-Apr-2025 21:42:14 UTC] PHP Warning:  Trying to access array offset on value of type null in /Applications/XAMPP/xamppfiles/htdocs/eastongeo/wp-content/themes/eastongeo/page-home.php on line 15
[28-Apr-2025 21:42:16 UTC] PHP Warning:  Trying to access array offset on value of type null in /Applications/XAMPP/xamppfiles/htdocs/eastongeo/wp-content/themes/eastongeo/page-home.php on line 15
[28-Apr-2025 21:43:59 UTC] PHP Warning:  Trying to access array offset on value of type null in /Applications/XAMPP/xamppfiles/htdocs/eastongeo/wp-content/themes/eastongeo/page-home.php on line 21
[28-Apr-2025 21:44:00 UTC] PHP Warning:  Trying to access array offset on value of type null in /Applications/XAMPP/xamppfiles/htdocs/eastongeo/wp-content/themes/eastongeo/page-home.php on line 21
[28-Apr-2025 21:44:32 UTC] PHP Warning:  Trying to access array offset on value of type null in /Applications/XAMPP/xamppfiles/htdocs/eastongeo/wp-content/themes/eastongeo/page-home.php on line 21
[28-Apr-2025 21:44:34 UTC] PHP Warning:  Trying to access array offset on value of type null in /Applications/XAMPP/xamppfiles/htdocs/eastongeo/wp-content/themes/eastongeo/page-home.php on line 21
[28-Apr-2025 21:45:04 UTC] PHP Warning:  Trying to access array offset on value of type null in /Applications/XAMPP/xamppfiles/htdocs/eastongeo/wp-content/themes/eastongeo/page-home.php on line 21
[28-Apr-2025 21:45:05 UTC] PHP Warning:  Trying to access array offset on value of type null in /Applications/XAMPP/xamppfiles/htdocs/eastongeo/wp-content/themes/eastongeo/page-home.php on line 21
[28-Apr-2025 22:09:35 UTC] PHP Fatal error:  Uncaught Error: Call to undefined function get_fields() in /Applications/XAMPP/xamppfiles/htdocs/eastongeo/wp-content/themes/eastongeo/page-home.php:8
Stack trace:
#0 /Applications/XAMPP/xamppfiles/htdocs/eastongeo/wp-includes/template-loader.php(106): include()
#1 /Applications/XAMPP/xamppfiles/htdocs/eastongeo/wp-blog-header.php(19): require_once('/Applications/X...')
#2 /Applications/XAMPP/xamppfiles/htdocs/eastongeo/index.php(17): require('/Applications/X...')
#3 {main}
  thrown in /Applications/XAMPP/xamppfiles/htdocs/eastongeo/wp-content/themes/eastongeo/page-home.php on line 8
[28-Apr-2025 22:11:51 UTC] PHP Fatal error:  Uncaught Error: Call to undefined function get_field() in /Applications/XAMPP/xamppfiles/htdocs/eastongeo/wp-content/themes/eastongeo/page-home.php:28
Stack trace:
#0 /Applications/XAMPP/xamppfiles/htdocs/eastongeo/wp-includes/template-loader.php(106): include()
#1 /Applications/XAMPP/xamppfiles/htdocs/eastongeo/wp-blog-header.php(19): require_once('/Applications/X...')
#2 /Applications/XAMPP/xamppfiles/htdocs/eastongeo/index.php(17): require('/Applications/X...')
#3 {main}
  thrown in /Applications/XAMPP/xamppfiles/htdocs/eastongeo/wp-content/themes/eastongeo/page-home.php on line 28
[28-Apr-2025 22:13:22 UTC] PHP Fatal error:  Uncaught Error: Call to undefined function get_field() in /Applications/XAMPP/xamppfiles/htdocs/eastongeo/wp-content/themes/eastongeo/page-home.php:28
Stack trace:
#0 /Applications/XAMPP/xamppfiles/htdocs/eastongeo/wp-includes/template-loader.php(106): include()
#1 /Applications/XAMPP/xamppfiles/htdocs/eastongeo/wp-blog-header.php(19): require_once('/Applications/X...')
#2 /Applications/XAMPP/xamppfiles/htdocs/eastongeo/index.php(17): require('/Applications/X...')
#3 {main}
  thrown in /Applications/XAMPP/xamppfiles/htdocs/eastongeo/wp-content/themes/eastongeo/page-home.php on line 28
[28-Apr-2025 22:13:25 UTC] PHP Fatal error:  Uncaught Error: Call to undefined function get_field() in /Applications/XAMPP/xamppfiles/htdocs/eastongeo/wp-content/themes/eastongeo/page-home.php:28
Stack trace:
#0 /Applications/XAMPP/xamppfiles/htdocs/eastongeo/wp-includes/template-loader.php(106): include()
#1 /Applications/XAMPP/xamppfiles/htdocs/eastongeo/wp-blog-header.php(19): require_once('/Applications/X...')
#2 /Applications/XAMPP/xamppfiles/htdocs/eastongeo/index.php(17): require('/Applications/X...')
#3 {main}
  thrown in /Applications/XAMPP/xamppfiles/htdocs/eastongeo/wp-content/themes/eastongeo/page-home.php on line 28
[29-Apr-2025 18:11:33 UTC] Automatic updates starting...
[29-Apr-2025 18:11:34 UTC] Automatic updates complete.
[29-Apr-2025 19:33:09 UTC] PHP Fatal error:  Uncaught TypeError: Cannot access offset of type string on string in /Applications/XAMPP/xamppfiles/htdocs/eastongeo/wp-content/themes/eastongeo/page-services.php:30
Stack trace:
#0 /Applications/XAMPP/xamppfiles/htdocs/eastongeo/wp-includes/template-loader.php(106): include()
#1 /Applications/XAMPP/xamppfiles/htdocs/eastongeo/wp-blog-header.php(19): require_once('/Applications/X...')
#2 /Applications/XAMPP/xamppfiles/htdocs/eastongeo/index.php(17): require('/Applications/X...')
#3 {main}
  thrown in /Applications/XAMPP/xamppfiles/htdocs/eastongeo/wp-content/themes/eastongeo/page-services.php on line 30
[29-Apr-2025 19:36:28 UTC] PHP Fatal error:  Uncaught TypeError: Cannot access offset of type string on string in /Applications/XAMPP/xamppfiles/htdocs/eastongeo/wp-content/themes/eastongeo/page-services.php:30
Stack trace:
#0 /Applications/XAMPP/xamppfiles/htdocs/eastongeo/wp-includes/template-loader.php(106): include()
#1 /Applications/XAMPP/xamppfiles/htdocs/eastongeo/wp-blog-header.php(19): require_once('/Applications/X...')
#2 /Applications/XAMPP/xamppfiles/htdocs/eastongeo/index.php(17): require('/Applications/X...')
#3 {main}
  thrown in /Applications/XAMPP/xamppfiles/htdocs/eastongeo/wp-content/themes/eastongeo/page-services.php on line 30
[29-Apr-2025 19:36:29 UTC] PHP Fatal error:  Uncaught TypeError: Cannot access offset of type string on string in /Applications/XAMPP/xamppfiles/htdocs/eastongeo/wp-content/themes/eastongeo/page-services.php:30
Stack trace:
#0 /Applications/XAMPP/xamppfiles/htdocs/eastongeo/wp-includes/template-loader.php(106): include()
#1 /Applications/XAMPP/xamppfiles/htdocs/eastongeo/wp-blog-header.php(19): require_once('/Applications/X...')
#2 /Applications/XAMPP/xamppfiles/htdocs/eastongeo/index.php(17): require('/Applications/X...')
#3 {main}
  thrown in /Applications/XAMPP/xamppfiles/htdocs/eastongeo/wp-content/themes/eastongeo/page-services.php on line 30
[29-Apr-2025 19:38:02 UTC] PHP Fatal error:  Uncaught TypeError: Cannot access offset of type string on string in /Applications/XAMPP/xamppfiles/htdocs/eastongeo/wp-content/themes/eastongeo/page-services.php:30
Stack trace:
#0 /Applications/XAMPP/xamppfiles/htdocs/eastongeo/wp-includes/template-loader.php(106): include()
#1 /Applications/XAMPP/xamppfiles/htdocs/eastongeo/wp-blog-header.php(19): require_once('/Applications/X...')
#2 /Applications/XAMPP/xamppfiles/htdocs/eastongeo/index.php(17): require('/Applications/X...')
#3 {main}
  thrown in /Applications/XAMPP/xamppfiles/htdocs/eastongeo/wp-content/themes/eastongeo/page-services.php on line 30
[29-Apr-2025 20:08:40 UTC] PHP Fatal error:  Uncaught TypeError: Cannot access offset of type string on string in /Applications/XAMPP/xamppfiles/htdocs/eastongeo/wp-content/themes/eastongeo/page-services.php:30
Stack trace:
#0 /Applications/XAMPP/xamppfiles/htdocs/eastongeo/wp-includes/template-loader.php(106): include()
#1 /Applications/XAMPP/xamppfiles/htdocs/eastongeo/wp-blog-header.php(19): require_once('/Applications/X...')
#2 /Applications/XAMPP/xamppfiles/htdocs/eastongeo/index.php(17): require('/Applications/X...')
#3 {main}
  thrown in /Applications/XAMPP/xamppfiles/htdocs/eastongeo/wp-content/themes/eastongeo/page-services.php on line 30
[29-Apr-2025 20:08:41 UTC] PHP Fatal error:  Uncaught TypeError: Cannot access offset of type string on string in /Applications/XAMPP/xamppfiles/htdocs/eastongeo/wp-content/themes/eastongeo/page-services.php:30
Stack trace:
#0 /Applications/XAMPP/xamppfiles/htdocs/eastongeo/wp-includes/template-loader.php(106): include()
#1 /Applications/XAMPP/xamppfiles/htdocs/eastongeo/wp-blog-header.php(19): require_once('/Applications/X...')
#2 /Applications/XAMPP/xamppfiles/htdocs/eastongeo/index.php(17): require('/Applications/X...')
#3 {main}
  thrown in /Applications/XAMPP/xamppfiles/htdocs/eastongeo/wp-content/themes/eastongeo/page-services.php on line 30
[29-Apr-2025 20:54:05 UTC] Automatic updates starting...
[29-Apr-2025 20:54:06 UTC] Automatic updates complete.
[30-Apr-2025 16:09:21 UTC] Automatic updates starting...
[30-Apr-2025 16:09:22 UTC] Automatic updates complete.
[30-Apr-2025 16:45:08 UTC] PHP Warning:  Undefined variable $class_name in /Applications/XAMPP/xamppfiles/htdocs/eastongeo/wp-content/themes/eastongeo/header.php on line 37
[30-Apr-2025 17:17:43 UTC] PHP Warning:  Attempt to read property "title" on null in /Applications/XAMPP/xamppfiles/htdocs/eastongeo/wp-includes/class-wp-customize-widgets.php on line 926
[30-Apr-2025 17:20:35 UTC] PHP Warning:  Attempt to read property "title" on null in /Applications/XAMPP/xamppfiles/htdocs/eastongeo/wp-includes/class-wp-customize-widgets.php on line 926
[30-Apr-2025 19:36:58 UTC] PHP Warning:  Undefined variable $post_id in /Applications/XAMPP/xamppfiles/htdocs/eastongeo/wp-content/themes/eastongeo/header.php on line 21
[30-Apr-2025 19:36:58 UTC] PHP Warning:  Undefined variable $post_id in /Applications/XAMPP/xamppfiles/htdocs/eastongeo/wp-content/themes/eastongeo/header.php on line 24
[30-Apr-2025 19:36:58 UTC] PHP Warning:  Undefined variable $post_id in /Applications/XAMPP/xamppfiles/htdocs/eastongeo/wp-content/themes/eastongeo/header.php on line 27
[30-Apr-2025 19:36:58 UTC] PHP Warning:  Undefined variable $post_id in /Applications/XAMPP/xamppfiles/htdocs/eastongeo/wp-content/themes/eastongeo/header.php on line 30
[30-Apr-2025 20:18:44 UTC] PHP Warning:  Undefined variable $post_id in /Applications/XAMPP/xamppfiles/htdocs/eastongeo/wp-content/themes/eastongeo/header.php on line 21
[30-Apr-2025 20:18:44 UTC] PHP Warning:  Undefined variable $post_id in /Applications/XAMPP/xamppfiles/htdocs/eastongeo/wp-content/themes/eastongeo/header.php on line 24
[30-Apr-2025 20:18:44 UTC] PHP Warning:  Undefined variable $post_id in /Applications/XAMPP/xamppfiles/htdocs/eastongeo/wp-content/themes/eastongeo/header.php on line 27
[30-Apr-2025 20:18:44 UTC] PHP Warning:  Undefined variable $post_id in /Applications/XAMPP/xamppfiles/htdocs/eastongeo/wp-content/themes/eastongeo/header.php on line 30
[30-Apr-2025 20:39:57 UTC] Automatic updates starting...
[30-Apr-2025 20:39:57 UTC] PHP Warning:  Undefined variable $post_id in /Applications/XAMPP/xamppfiles/htdocs/eastongeo/wp-content/themes/eastongeo/header.php on line 21
[30-Apr-2025 20:39:57 UTC] PHP Warning:  Undefined variable $post_id in /Applications/XAMPP/xamppfiles/htdocs/eastongeo/wp-content/themes/eastongeo/header.php on line 24
[30-Apr-2025 20:39:57 UTC] PHP Warning:  Undefined variable $post_id in /Applications/XAMPP/xamppfiles/htdocs/eastongeo/wp-content/themes/eastongeo/header.php on line 27
[30-Apr-2025 20:39:57 UTC] PHP Warning:  Undefined variable $post_id in /Applications/XAMPP/xamppfiles/htdocs/eastongeo/wp-content/themes/eastongeo/header.php on line 30
[30-Apr-2025 20:39:57 UTC] Automatic updates complete.
[30-Apr-2025 20:39:59 UTC] PHP Warning:  Undefined variable $post_id in /Applications/XAMPP/xamppfiles/htdocs/eastongeo/wp-content/themes/eastongeo/header.php on line 21
[30-Apr-2025 20:39:59 UTC] PHP Warning:  Undefined variable $post_id in /Applications/XAMPP/xamppfiles/htdocs/eastongeo/wp-content/themes/eastongeo/header.php on line 24
[30-Apr-2025 20:39:59 UTC] PHP Warning:  Undefined variable $post_id in /Applications/XAMPP/xamppfiles/htdocs/eastongeo/wp-content/themes/eastongeo/header.php on line 27
[30-Apr-2025 20:39:59 UTC] PHP Warning:  Undefined variable $post_id in /Applications/XAMPP/xamppfiles/htdocs/eastongeo/wp-content/themes/eastongeo/header.php on line 30
[30-Apr-2025 20:40:01 UTC] PHP Warning:  Undefined variable $post_id in /Applications/XAMPP/xamppfiles/htdocs/eastongeo/wp-content/themes/eastongeo/header.php on line 21
[30-Apr-2025 20:40:01 UTC] PHP Warning:  Undefined variable $post_id in /Applications/XAMPP/xamppfiles/htdocs/eastongeo/wp-content/themes/eastongeo/header.php on line 24
[30-Apr-2025 20:40:01 UTC] PHP Warning:  Undefined variable $post_id in /Applications/XAMPP/xamppfiles/htdocs/eastongeo/wp-content/themes/eastongeo/header.php on line 27
[30-Apr-2025 20:40:01 UTC] PHP Warning:  Undefined variable $post_id in /Applications/XAMPP/xamppfiles/htdocs/eastongeo/wp-content/themes/eastongeo/header.php on line 30
[30-Apr-2025 20:40:02 UTC] PHP Warning:  Undefined variable $post_id in /Applications/XAMPP/xamppfiles/htdocs/eastongeo/wp-content/themes/eastongeo/header.php on line 21
[30-Apr-2025 20:40:02 UTC] PHP Warning:  Undefined variable $post_id in /Applications/XAMPP/xamppfiles/htdocs/eastongeo/wp-content/themes/eastongeo/header.php on line 24
[30-Apr-2025 20:40:02 UTC] PHP Warning:  Undefined variable $post_id in /Applications/XAMPP/xamppfiles/htdocs/eastongeo/wp-content/themes/eastongeo/header.php on line 27
[30-Apr-2025 20:40:02 UTC] PHP Warning:  Undefined variable $post_id in /Applications/XAMPP/xamppfiles/htdocs/eastongeo/wp-content/themes/eastongeo/header.php on line 30
[30-Apr-2025 20:40:03 UTC] PHP Warning:  Undefined variable $post_id in /Applications/XAMPP/xamppfiles/htdocs/eastongeo/wp-content/themes/eastongeo/header.php on line 21
[30-Apr-2025 20:40:03 UTC] PHP Warning:  Undefined variable $post_id in /Applications/XAMPP/xamppfiles/htdocs/eastongeo/wp-content/themes/eastongeo/header.php on line 24
[30-Apr-2025 20:40:03 UTC] PHP Warning:  Undefined variable $post_id in /Applications/XAMPP/xamppfiles/htdocs/eastongeo/wp-content/themes/eastongeo/header.php on line 27
[30-Apr-2025 20:40:03 UTC] PHP Warning:  Undefined variable $post_id in /Applications/XAMPP/xamppfiles/htdocs/eastongeo/wp-content/themes/eastongeo/header.php on line 30
[30-Apr-2025 20:40:03 UTC] PHP Warning:  Undefined variable $post_id in /Applications/XAMPP/xamppfiles/htdocs/eastongeo/wp-content/themes/eastongeo/header.php on line 21
[30-Apr-2025 20:40:03 UTC] PHP Warning:  Undefined variable $post_id in /Applications/XAMPP/xamppfiles/htdocs/eastongeo/wp-content/themes/eastongeo/header.php on line 24
[30-Apr-2025 20:40:03 UTC] PHP Warning:  Undefined variable $post_id in /Applications/XAMPP/xamppfiles/htdocs/eastongeo/wp-content/themes/eastongeo/header.php on line 27
[30-Apr-2025 20:40:03 UTC] PHP Warning:  Undefined variable $post_id in /Applications/XAMPP/xamppfiles/htdocs/eastongeo/wp-content/themes/eastongeo/header.php on line 30
[30-Apr-2025 20:40:04 UTC] PHP Warning:  Undefined variable $post_id in /Applications/XAMPP/xamppfiles/htdocs/eastongeo/wp-content/themes/eastongeo/header.php on line 21
[30-Apr-2025 20:40:04 UTC] PHP Warning:  Undefined variable $post_id in /Applications/XAMPP/xamppfiles/htdocs/eastongeo/wp-content/themes/eastongeo/header.php on line 24
[30-Apr-2025 20:40:04 UTC] PHP Warning:  Undefined variable $post_id in /Applications/XAMPP/xamppfiles/htdocs/eastongeo/wp-content/themes/eastongeo/header.php on line 27
[30-Apr-2025 20:40:04 UTC] PHP Warning:  Undefined variable $post_id in /Applications/XAMPP/xamppfiles/htdocs/eastongeo/wp-content/themes/eastongeo/header.php on line 30
[30-Apr-2025 20:40:22 UTC] PHP Warning:  Undefined variable $post_id in /Applications/XAMPP/xamppfiles/htdocs/eastongeo/wp-content/themes/eastongeo/header.php on line 21
[30-Apr-2025 20:40:22 UTC] PHP Warning:  Undefined variable $post_id in /Applications/XAMPP/xamppfiles/htdocs/eastongeo/wp-content/themes/eastongeo/header.php on line 24
[30-Apr-2025 20:40:22 UTC] PHP Warning:  Undefined variable $post_id in /Applications/XAMPP/xamppfiles/htdocs/eastongeo/wp-content/themes/eastongeo/header.php on line 27
[30-Apr-2025 20:40:22 UTC] PHP Warning:  Undefined variable $post_id in /Applications/XAMPP/xamppfiles/htdocs/eastongeo/wp-content/themes/eastongeo/header.php on line 30
[30-Apr-2025 20:40:23 UTC] PHP Warning:  Undefined variable $post_id in /Applications/XAMPP/xamppfiles/htdocs/eastongeo/wp-content/themes/eastongeo/header.php on line 21
[30-Apr-2025 20:40:23 UTC] PHP Warning:  Undefined variable $post_id in /Applications/XAMPP/xamppfiles/htdocs/eastongeo/wp-content/themes/eastongeo/header.php on line 24
[30-Apr-2025 20:40:23 UTC] PHP Warning:  Undefined variable $post_id in /Applications/XAMPP/xamppfiles/htdocs/eastongeo/wp-content/themes/eastongeo/header.php on line 27
[30-Apr-2025 20:40:23 UTC] PHP Warning:  Undefined variable $post_id in /Applications/XAMPP/xamppfiles/htdocs/eastongeo/wp-content/themes/eastongeo/header.php on line 30
[30-Apr-2025 20:40:23 UTC] PHP Warning:  Undefined variable $post_id in /Applications/XAMPP/xamppfiles/htdocs/eastongeo/wp-content/themes/eastongeo/header.php on line 21
[30-Apr-2025 20:40:23 UTC] PHP Warning:  Undefined variable $post_id in /Applications/XAMPP/xamppfiles/htdocs/eastongeo/wp-content/themes/eastongeo/header.php on line 24
[30-Apr-2025 20:40:23 UTC] PHP Warning:  Undefined variable $post_id in /Applications/XAMPP/xamppfiles/htdocs/eastongeo/wp-content/themes/eastongeo/header.php on line 27
[30-Apr-2025 20:40:23 UTC] PHP Warning:  Undefined variable $post_id in /Applications/XAMPP/xamppfiles/htdocs/eastongeo/wp-content/themes/eastongeo/header.php on line 30
[30-Apr-2025 20:40:24 UTC] PHP Warning:  Undefined variable $post_id in /Applications/XAMPP/xamppfiles/htdocs/eastongeo/wp-content/themes/eastongeo/header.php on line 21
[30-Apr-2025 20:40:24 UTC] PHP Warning:  Undefined variable $post_id in /Applications/XAMPP/xamppfiles/htdocs/eastongeo/wp-content/themes/eastongeo/header.php on line 24
[30-Apr-2025 20:40:24 UTC] PHP Warning:  Undefined variable $post_id in /Applications/XAMPP/xamppfiles/htdocs/eastongeo/wp-content/themes/eastongeo/header.php on line 27
[30-Apr-2025 20:40:24 UTC] PHP Warning:  Undefined variable $post_id in /Applications/XAMPP/xamppfiles/htdocs/eastongeo/wp-content/themes/eastongeo/header.php on line 30
[30-Apr-2025 20:40:25 UTC] PHP Warning:  Undefined variable $post_id in /Applications/XAMPP/xamppfiles/htdocs/eastongeo/wp-content/themes/eastongeo/header.php on line 21
[30-Apr-2025 20:40:25 UTC] PHP Warning:  Undefined variable $post_id in /Applications/XAMPP/xamppfiles/htdocs/eastongeo/wp-content/themes/eastongeo/header.php on line 24
[30-Apr-2025 20:40:25 UTC] PHP Warning:  Undefined variable $post_id in /Applications/XAMPP/xamppfiles/htdocs/eastongeo/wp-content/themes/eastongeo/header.php on line 27
[30-Apr-2025 20:40:25 UTC] PHP Warning:  Undefined variable $post_id in /Applications/XAMPP/xamppfiles/htdocs/eastongeo/wp-content/themes/eastongeo/header.php on line 30
[30-Apr-2025 20:40:25 UTC] PHP Warning:  Undefined variable $post_id in /Applications/XAMPP/xamppfiles/htdocs/eastongeo/wp-content/themes/eastongeo/header.php on line 21
[30-Apr-2025 20:40:25 UTC] PHP Warning:  Undefined variable $post_id in /Applications/XAMPP/xamppfiles/htdocs/eastongeo/wp-content/themes/eastongeo/header.php on line 24
[30-Apr-2025 20:40:25 UTC] PHP Warning:  Undefined variable $post_id in /Applications/XAMPP/xamppfiles/htdocs/eastongeo/wp-content/themes/eastongeo/header.php on line 27
[30-Apr-2025 20:40:25 UTC] PHP Warning:  Undefined variable $post_id in /Applications/XAMPP/xamppfiles/htdocs/eastongeo/wp-content/themes/eastongeo/header.php on line 30
[30-Apr-2025 20:40:25 UTC] PHP Warning:  Undefined variable $post_id in /Applications/XAMPP/xamppfiles/htdocs/eastongeo/wp-content/themes/eastongeo/header.php on line 21
[30-Apr-2025 20:40:25 UTC] PHP Warning:  Undefined variable $post_id in /Applications/XAMPP/xamppfiles/htdocs/eastongeo/wp-content/themes/eastongeo/header.php on line 24
[30-Apr-2025 20:40:25 UTC] PHP Warning:  Undefined variable $post_id in /Applications/XAMPP/xamppfiles/htdocs/eastongeo/wp-content/themes/eastongeo/header.php on line 27
[30-Apr-2025 20:40:25 UTC] PHP Warning:  Undefined variable $post_id in /Applications/XAMPP/xamppfiles/htdocs/eastongeo/wp-content/themes/eastongeo/header.php on line 30
[30-Apr-2025 20:40:26 UTC] PHP Warning:  Undefined variable $post_id in /Applications/XAMPP/xamppfiles/htdocs/eastongeo/wp-content/themes/eastongeo/header.php on line 21
[30-Apr-2025 20:40:26 UTC] PHP Warning:  Undefined variable $post_id in /Applications/XAMPP/xamppfiles/htdocs/eastongeo/wp-content/themes/eastongeo/header.php on line 24
[30-Apr-2025 20:40:26 UTC] PHP Warning:  Undefined variable $post_id in /Applications/XAMPP/xamppfiles/htdocs/eastongeo/wp-content/themes/eastongeo/header.php on line 27
[30-Apr-2025 20:40:26 UTC] PHP Warning:  Undefined variable $post_id in /Applications/XAMPP/xamppfiles/htdocs/eastongeo/wp-content/themes/eastongeo/header.php on line 30
[30-Apr-2025 20:40:26 UTC] PHP Warning:  Undefined variable $post_id in /Applications/XAMPP/xamppfiles/htdocs/eastongeo/wp-content/themes/eastongeo/header.php on line 21
[30-Apr-2025 20:40:26 UTC] PHP Warning:  Undefined variable $post_id in /Applications/XAMPP/xamppfiles/htdocs/eastongeo/wp-content/themes/eastongeo/header.php on line 24
[30-Apr-2025 20:40:26 UTC] PHP Warning:  Undefined variable $post_id in /Applications/XAMPP/xamppfiles/htdocs/eastongeo/wp-content/themes/eastongeo/header.php on line 27
[30-Apr-2025 20:40:26 UTC] PHP Warning:  Undefined variable $post_id in /Applications/XAMPP/xamppfiles/htdocs/eastongeo/wp-content/themes/eastongeo/header.php on line 30
[30-Apr-2025 20:40:26 UTC] PHP Warning:  Undefined variable $post_id in /Applications/XAMPP/xamppfiles/htdocs/eastongeo/wp-content/themes/eastongeo/header.php on line 21
[30-Apr-2025 20:40:26 UTC] PHP Warning:  Undefined variable $post_id in /Applications/XAMPP/xamppfiles/htdocs/eastongeo/wp-content/themes/eastongeo/header.php on line 24
[30-Apr-2025 20:40:26 UTC] PHP Warning:  Undefined variable $post_id in /Applications/XAMPP/xamppfiles/htdocs/eastongeo/wp-content/themes/eastongeo/header.php on line 27
[30-Apr-2025 20:40:26 UTC] PHP Warning:  Undefined variable $post_id in /Applications/XAMPP/xamppfiles/htdocs/eastongeo/wp-content/themes/eastongeo/header.php on line 30
[30-Apr-2025 20:40:26 UTC] PHP Warning:  Undefined variable $post_id in /Applications/XAMPP/xamppfiles/htdocs/eastongeo/wp-content/themes/eastongeo/header.php on line 21
[30-Apr-2025 20:40:26 UTC] PHP Warning:  Undefined variable $post_id in /Applications/XAMPP/xamppfiles/htdocs/eastongeo/wp-content/themes/eastongeo/header.php on line 24
[30-Apr-2025 20:40:26 UTC] PHP Warning:  Undefined variable $post_id in /Applications/XAMPP/xamppfiles/htdocs/eastongeo/wp-content/themes/eastongeo/header.php on line 27
[30-Apr-2025 20:40:26 UTC] PHP Warning:  Undefined variable $post_id in /Applications/XAMPP/xamppfiles/htdocs/eastongeo/wp-content/themes/eastongeo/header.php on line 30
[30-Apr-2025 20:40:27 UTC] PHP Warning:  Undefined variable $post_id in /Applications/XAMPP/xamppfiles/htdocs/eastongeo/wp-content/themes/eastongeo/header.php on line 21
[30-Apr-2025 20:40:27 UTC] PHP Warning:  Undefined variable $post_id in /Applications/XAMPP/xamppfiles/htdocs/eastongeo/wp-content/themes/eastongeo/header.php on line 24
[30-Apr-2025 20:40:27 UTC] PHP Warning:  Undefined variable $post_id in /Applications/XAMPP/xamppfiles/htdocs/eastongeo/wp-content/themes/eastongeo/header.php on line 27
[30-Apr-2025 20:40:27 UTC] PHP Warning:  Undefined variable $post_id in /Applications/XAMPP/xamppfiles/htdocs/eastongeo/wp-content/themes/eastongeo/header.php on line 30
[30-Apr-2025 20:44:52 UTC] PHP Warning:  Undefined variable $post_id in /Applications/XAMPP/xamppfiles/htdocs/eastongeo/wp-content/themes/eastongeo/header.php on line 21
[30-Apr-2025 20:44:52 UTC] PHP Warning:  Undefined variable $post_id in /Applications/XAMPP/xamppfiles/htdocs/eastongeo/wp-content/themes/eastongeo/header.php on line 24
[30-Apr-2025 20:44:52 UTC] PHP Warning:  Undefined variable $post_id in /Applications/XAMPP/xamppfiles/htdocs/eastongeo/wp-content/themes/eastongeo/header.php on line 27
[30-Apr-2025 20:44:52 UTC] PHP Warning:  Undefined variable $post_id in /Applications/XAMPP/xamppfiles/htdocs/eastongeo/wp-content/themes/eastongeo/header.php on line 30
[30-Apr-2025 20:45:40 UTC] PHP Warning:  Undefined variable $post_id in /Applications/XAMPP/xamppfiles/htdocs/eastongeo/wp-content/themes/eastongeo/header.php on line 21
[30-Apr-2025 20:45:40 UTC] PHP Warning:  Undefined variable $post_id in /Applications/XAMPP/xamppfiles/htdocs/eastongeo/wp-content/themes/eastongeo/header.php on line 24
[30-Apr-2025 20:45:40 UTC] PHP Warning:  Undefined variable $post_id in /Applications/XAMPP/xamppfiles/htdocs/eastongeo/wp-content/themes/eastongeo/header.php on line 27
[30-Apr-2025 20:45:40 UTC] PHP Warning:  Undefined variable $post_id in /Applications/XAMPP/xamppfiles/htdocs/eastongeo/wp-content/themes/eastongeo/header.php on line 30
[30-Apr-2025 22:54:01 UTC] PHP Warning:  Undefined variable $post_id in /Applications/XAMPP/xamppfiles/htdocs/eastongeo/wp-content/themes/eastongeo/header.php on line 21
[30-Apr-2025 22:54:01 UTC] PHP Warning:  Undefined variable $post_id in /Applications/XAMPP/xamppfiles/htdocs/eastongeo/wp-content/themes/eastongeo/header.php on line 24
[30-Apr-2025 22:54:01 UTC] PHP Warning:  Undefined variable $post_id in /Applications/XAMPP/xamppfiles/htdocs/eastongeo/wp-content/themes/eastongeo/header.php on line 27
[30-Apr-2025 22:54:01 UTC] PHP Warning:  Undefined variable $post_id in /Applications/XAMPP/xamppfiles/htdocs/eastongeo/wp-content/themes/eastongeo/header.php on line 30
[30-Apr-2025 22:54:01 UTC] PHP Warning:  Undefined variable $post_id in /Applications/XAMPP/xamppfiles/htdocs/eastongeo/wp-content/themes/eastongeo/header.php on line 21
[30-Apr-2025 22:54:01 UTC] PHP Warning:  Undefined variable $post_id in /Applications/XAMPP/xamppfiles/htdocs/eastongeo/wp-content/themes/eastongeo/header.php on line 24
[30-Apr-2025 22:54:01 UTC] PHP Warning:  Undefined variable $post_id in /Applications/XAMPP/xamppfiles/htdocs/eastongeo/wp-content/themes/eastongeo/header.php on line 27
[30-Apr-2025 22:54:01 UTC] PHP Warning:  Undefined variable $post_id in /Applications/XAMPP/xamppfiles/htdocs/eastongeo/wp-content/themes/eastongeo/header.php on line 30
[30-Apr-2025 22:54:02 UTC] PHP Warning:  Undefined variable $post_id in /Applications/XAMPP/xamppfiles/htdocs/eastongeo/wp-content/themes/eastongeo/header.php on line 21
[30-Apr-2025 22:54:02 UTC] PHP Warning:  Undefined variable $post_id in /Applications/XAMPP/xamppfiles/htdocs/eastongeo/wp-content/themes/eastongeo/header.php on line 24
[30-Apr-2025 22:54:02 UTC] PHP Warning:  Undefined variable $post_id in /Applications/XAMPP/xamppfiles/htdocs/eastongeo/wp-content/themes/eastongeo/header.php on line 27
[30-Apr-2025 22:54:02 UTC] PHP Warning:  Undefined variable $post_id in /Applications/XAMPP/xamppfiles/htdocs/eastongeo/wp-content/themes/eastongeo/header.php on line 30
[30-Apr-2025 22:54:03 UTC] PHP Warning:  Undefined variable $post_id in /Applications/XAMPP/xamppfiles/htdocs/eastongeo/wp-content/themes/eastongeo/header.php on line 21
[30-Apr-2025 22:54:03 UTC] PHP Warning:  Undefined variable $post_id in /Applications/XAMPP/xamppfiles/htdocs/eastongeo/wp-content/themes/eastongeo/header.php on line 24
[30-Apr-2025 22:54:03 UTC] PHP Warning:  Undefined variable $post_id in /Applications/XAMPP/xamppfiles/htdocs/eastongeo/wp-content/themes/eastongeo/header.php on line 27
[30-Apr-2025 22:54:03 UTC] PHP Warning:  Undefined variable $post_id in /Applications/XAMPP/xamppfiles/htdocs/eastongeo/wp-content/themes/eastongeo/header.php on line 30
[30-Apr-2025 22:54:03 UTC] PHP Warning:  Undefined variable $post_id in /Applications/XAMPP/xamppfiles/htdocs/eastongeo/wp-content/themes/eastongeo/header.php on line 21
[30-Apr-2025 22:54:03 UTC] PHP Warning:  Undefined variable $post_id in /Applications/XAMPP/xamppfiles/htdocs/eastongeo/wp-content/themes/eastongeo/header.php on line 24
[30-Apr-2025 22:54:03 UTC] PHP Warning:  Undefined variable $post_id in /Applications/XAMPP/xamppfiles/htdocs/eastongeo/wp-content/themes/eastongeo/header.php on line 27
[30-Apr-2025 22:54:03 UTC] PHP Warning:  Undefined variable $post_id in /Applications/XAMPP/xamppfiles/htdocs/eastongeo/wp-content/themes/eastongeo/header.php on line 30
[30-Apr-2025 22:54:04 UTC] PHP Warning:  Undefined variable $post_id in /Applications/XAMPP/xamppfiles/htdocs/eastongeo/wp-content/themes/eastongeo/header.php on line 21
[30-Apr-2025 22:54:04 UTC] PHP Warning:  Undefined variable $post_id in /Applications/XAMPP/xamppfiles/htdocs/eastongeo/wp-content/themes/eastongeo/header.php on line 24
[30-Apr-2025 22:54:04 UTC] PHP Warning:  Undefined variable $post_id in /Applications/XAMPP/xamppfiles/htdocs/eastongeo/wp-content/themes/eastongeo/header.php on line 27
[30-Apr-2025 22:54:04 UTC] PHP Warning:  Undefined variable $post_id in /Applications/XAMPP/xamppfiles/htdocs/eastongeo/wp-content/themes/eastongeo/header.php on line 30
[30-Apr-2025 22:54:05 UTC] PHP Warning:  Undefined variable $post_id in /Applications/XAMPP/xamppfiles/htdocs/eastongeo/wp-content/themes/eastongeo/header.php on line 21
[30-Apr-2025 22:54:05 UTC] PHP Warning:  Undefined variable $post_id in /Applications/XAMPP/xamppfiles/htdocs/eastongeo/wp-content/themes/eastongeo/header.php on line 24
[30-Apr-2025 22:54:05 UTC] PHP Warning:  Undefined variable $post_id in /Applications/XAMPP/xamppfiles/htdocs/eastongeo/wp-content/themes/eastongeo/header.php on line 27
[30-Apr-2025 22:54:05 UTC] PHP Warning:  Undefined variable $post_id in /Applications/XAMPP/xamppfiles/htdocs/eastongeo/wp-content/themes/eastongeo/header.php on line 30
[30-Apr-2025 22:54:05 UTC] PHP Warning:  Undefined variable $post_id in /Applications/XAMPP/xamppfiles/htdocs/eastongeo/wp-content/themes/eastongeo/header.php on line 21
[30-Apr-2025 22:54:05 UTC] PHP Warning:  Undefined variable $post_id in /Applications/XAMPP/xamppfiles/htdocs/eastongeo/wp-content/themes/eastongeo/header.php on line 24
[30-Apr-2025 22:54:05 UTC] PHP Warning:  Undefined variable $post_id in /Applications/XAMPP/xamppfiles/htdocs/eastongeo/wp-content/themes/eastongeo/header.php on line 27
[30-Apr-2025 22:54:05 UTC] PHP Warning:  Undefined variable $post_id in /Applications/XAMPP/xamppfiles/htdocs/eastongeo/wp-content/themes/eastongeo/header.php on line 30
[30-Apr-2025 22:54:05 UTC] PHP Warning:  Undefined variable $post_id in /Applications/XAMPP/xamppfiles/htdocs/eastongeo/wp-content/themes/eastongeo/header.php on line 21
[30-Apr-2025 22:54:05 UTC] PHP Warning:  Undefined variable $post_id in /Applications/XAMPP/xamppfiles/htdocs/eastongeo/wp-content/themes/eastongeo/header.php on line 24
[30-Apr-2025 22:54:05 UTC] PHP Warning:  Undefined variable $post_id in /Applications/XAMPP/xamppfiles/htdocs/eastongeo/wp-content/themes/eastongeo/header.php on line 27
[30-Apr-2025 22:54:05 UTC] PHP Warning:  Undefined variable $post_id in /Applications/XAMPP/xamppfiles/htdocs/eastongeo/wp-content/themes/eastongeo/header.php on line 30
[30-Apr-2025 22:55:03 UTC] PHP Warning:  Undefined variable $post_id in /Applications/XAMPP/xamppfiles/htdocs/eastongeo/wp-content/themes/eastongeo/header.php on line 21
[30-Apr-2025 22:55:03 UTC] PHP Warning:  Undefined variable $post_id in /Applications/XAMPP/xamppfiles/htdocs/eastongeo/wp-content/themes/eastongeo/header.php on line 24
[30-Apr-2025 22:55:03 UTC] PHP Warning:  Undefined variable $post_id in /Applications/XAMPP/xamppfiles/htdocs/eastongeo/wp-content/themes/eastongeo/header.php on line 27
[30-Apr-2025 22:55:03 UTC] PHP Warning:  Undefined variable $post_id in /Applications/XAMPP/xamppfiles/htdocs/eastongeo/wp-content/themes/eastongeo/header.php on line 30
[30-Apr-2025 22:55:25 UTC] PHP Warning:  Undefined variable $post_id in /Applications/XAMPP/xamppfiles/htdocs/eastongeo/wp-content/themes/eastongeo/header.php on line 21
[30-Apr-2025 22:55:25 UTC] PHP Warning:  Undefined variable $post_id in /Applications/XAMPP/xamppfiles/htdocs/eastongeo/wp-content/themes/eastongeo/header.php on line 24
[30-Apr-2025 22:55:25 UTC] PHP Warning:  Undefined variable $post_id in /Applications/XAMPP/xamppfiles/htdocs/eastongeo/wp-content/themes/eastongeo/header.php on line 27
[30-Apr-2025 22:55:25 UTC] PHP Warning:  Undefined variable $post_id in /Applications/XAMPP/xamppfiles/htdocs/eastongeo/wp-content/themes/eastongeo/header.php on line 30
[30-Apr-2025 22:55:28 UTC] PHP Warning:  Undefined variable $post_id in /Applications/XAMPP/xamppfiles/htdocs/eastongeo/wp-content/themes/eastongeo/header.php on line 21
[30-Apr-2025 22:55:28 UTC] PHP Warning:  Undefined variable $post_id in /Applications/XAMPP/xamppfiles/htdocs/eastongeo/wp-content/themes/eastongeo/header.php on line 24
[30-Apr-2025 22:55:28 UTC] PHP Warning:  Undefined variable $post_id in /Applications/XAMPP/xamppfiles/htdocs/eastongeo/wp-content/themes/eastongeo/header.php on line 27
[30-Apr-2025 22:55:28 UTC] PHP Warning:  Undefined variable $post_id in /Applications/XAMPP/xamppfiles/htdocs/eastongeo/wp-content/themes/eastongeo/header.php on line 30
[30-Apr-2025 22:55:30 UTC] PHP Warning:  Undefined variable $post_id in /Applications/XAMPP/xamppfiles/htdocs/eastongeo/wp-content/themes/eastongeo/header.php on line 21
[30-Apr-2025 22:55:30 UTC] PHP Warning:  Undefined variable $post_id in /Applications/XAMPP/xamppfiles/htdocs/eastongeo/wp-content/themes/eastongeo/header.php on line 24
[30-Apr-2025 22:55:30 UTC] PHP Warning:  Undefined variable $post_id in /Applications/XAMPP/xamppfiles/htdocs/eastongeo/wp-content/themes/eastongeo/header.php on line 27
[30-Apr-2025 22:55:30 UTC] PHP Warning:  Undefined variable $post_id in /Applications/XAMPP/xamppfiles/htdocs/eastongeo/wp-content/themes/eastongeo/header.php on line 30
[30-Apr-2025 22:56:56 UTC] PHP Warning:  Undefined variable $post_id in /Applications/XAMPP/xamppfiles/htdocs/eastongeo/wp-content/themes/eastongeo/header.php on line 21
[30-Apr-2025 22:56:56 UTC] PHP Warning:  Undefined variable $post_id in /Applications/XAMPP/xamppfiles/htdocs/eastongeo/wp-content/themes/eastongeo/header.php on line 24
[30-Apr-2025 22:56:56 UTC] PHP Warning:  Undefined variable $post_id in /Applications/XAMPP/xamppfiles/htdocs/eastongeo/wp-content/themes/eastongeo/header.php on line 27
[30-Apr-2025 22:56:56 UTC] PHP Warning:  Undefined variable $post_id in /Applications/XAMPP/xamppfiles/htdocs/eastongeo/wp-content/themes/eastongeo/header.php on line 30
[30-Apr-2025 22:56:57 UTC] PHP Warning:  Undefined variable $post_id in /Applications/XAMPP/xamppfiles/htdocs/eastongeo/wp-content/themes/eastongeo/header.php on line 21
[30-Apr-2025 22:56:57 UTC] PHP Warning:  Undefined variable $post_id in /Applications/XAMPP/xamppfiles/htdocs/eastongeo/wp-content/themes/eastongeo/header.php on line 24
[30-Apr-2025 22:56:57 UTC] PHP Warning:  Undefined variable $post_id in /Applications/XAMPP/xamppfiles/htdocs/eastongeo/wp-content/themes/eastongeo/header.php on line 27
[30-Apr-2025 22:56:57 UTC] PHP Warning:  Undefined variable $post_id in /Applications/XAMPP/xamppfiles/htdocs/eastongeo/wp-content/themes/eastongeo/header.php on line 30
[30-Apr-2025 22:57:19 UTC] PHP Warning:  Undefined variable $post_id in /Applications/XAMPP/xamppfiles/htdocs/eastongeo/wp-content/themes/eastongeo/header.php on line 21
[30-Apr-2025 22:57:19 UTC] PHP Warning:  Undefined variable $post_id in /Applications/XAMPP/xamppfiles/htdocs/eastongeo/wp-content/themes/eastongeo/header.php on line 24
[30-Apr-2025 22:57:19 UTC] PHP Warning:  Undefined variable $post_id in /Applications/XAMPP/xamppfiles/htdocs/eastongeo/wp-content/themes/eastongeo/header.php on line 27
[30-Apr-2025 22:57:19 UTC] PHP Warning:  Undefined variable $post_id in /Applications/XAMPP/xamppfiles/htdocs/eastongeo/wp-content/themes/eastongeo/header.php on line 30
[30-Apr-2025 22:57:28 UTC] PHP Warning:  Undefined variable $post_id in /Applications/XAMPP/xamppfiles/htdocs/eastongeo/wp-content/themes/eastongeo/header.php on line 21
[30-Apr-2025 22:57:28 UTC] PHP Warning:  Undefined variable $post_id in /Applications/XAMPP/xamppfiles/htdocs/eastongeo/wp-content/themes/eastongeo/header.php on line 24
[30-Apr-2025 22:57:28 UTC] PHP Warning:  Undefined variable $post_id in /Applications/XAMPP/xamppfiles/htdocs/eastongeo/wp-content/themes/eastongeo/header.php on line 27
[30-Apr-2025 22:57:28 UTC] PHP Warning:  Undefined variable $post_id in /Applications/XAMPP/xamppfiles/htdocs/eastongeo/wp-content/themes/eastongeo/header.php on line 30
[30-Apr-2025 23:12:08 UTC] PHP Warning:  Undefined variable $post_id in /Applications/XAMPP/xamppfiles/htdocs/eastongeo/wp-content/themes/eastongeo/header.php on line 21
[30-Apr-2025 23:12:08 UTC] PHP Warning:  Undefined variable $post_id in /Applications/XAMPP/xamppfiles/htdocs/eastongeo/wp-content/themes/eastongeo/header.php on line 24
[30-Apr-2025 23:12:08 UTC] PHP Warning:  Undefined variable $post_id in /Applications/XAMPP/xamppfiles/htdocs/eastongeo/wp-content/themes/eastongeo/header.php on line 27
[30-Apr-2025 23:12:08 UTC] PHP Warning:  Undefined variable $post_id in /Applications/XAMPP/xamppfiles/htdocs/eastongeo/wp-content/themes/eastongeo/header.php on line 30
[30-Apr-2025 23:12:09 UTC] PHP Warning:  Undefined variable $post_id in /Applications/XAMPP/xamppfiles/htdocs/eastongeo/wp-content/themes/eastongeo/header.php on line 21
[30-Apr-2025 23:12:09 UTC] PHP Warning:  Undefined variable $post_id in /Applications/XAMPP/xamppfiles/htdocs/eastongeo/wp-content/themes/eastongeo/header.php on line 24
[30-Apr-2025 23:12:09 UTC] PHP Warning:  Undefined variable $post_id in /Applications/XAMPP/xamppfiles/htdocs/eastongeo/wp-content/themes/eastongeo/header.php on line 27
[30-Apr-2025 23:12:09 UTC] PHP Warning:  Undefined variable $post_id in /Applications/XAMPP/xamppfiles/htdocs/eastongeo/wp-content/themes/eastongeo/header.php on line 30
[30-Apr-2025 23:12:11 UTC] PHP Warning:  Undefined variable $post_id in /Applications/XAMPP/xamppfiles/htdocs/eastongeo/wp-content/themes/eastongeo/header.php on line 21
[30-Apr-2025 23:12:11 UTC] PHP Warning:  Undefined variable $post_id in /Applications/XAMPP/xamppfiles/htdocs/eastongeo/wp-content/themes/eastongeo/header.php on line 24
[30-Apr-2025 23:12:11 UTC] PHP Warning:  Undefined variable $post_id in /Applications/XAMPP/xamppfiles/htdocs/eastongeo/wp-content/themes/eastongeo/header.php on line 27
[30-Apr-2025 23:12:11 UTC] PHP Warning:  Undefined variable $post_id in /Applications/XAMPP/xamppfiles/htdocs/eastongeo/wp-content/themes/eastongeo/header.php on line 30
[30-Apr-2025 23:12:12 UTC] PHP Warning:  Undefined variable $post_id in /Applications/XAMPP/xamppfiles/htdocs/eastongeo/wp-content/themes/eastongeo/header.php on line 21
[30-Apr-2025 23:12:12 UTC] PHP Warning:  Undefined variable $post_id in /Applications/XAMPP/xamppfiles/htdocs/eastongeo/wp-content/themes/eastongeo/header.php on line 24
[30-Apr-2025 23:12:12 UTC] PHP Warning:  Undefined variable $post_id in /Applications/XAMPP/xamppfiles/htdocs/eastongeo/wp-content/themes/eastongeo/header.php on line 27
[30-Apr-2025 23:12:12 UTC] PHP Warning:  Undefined variable $post_id in /Applications/XAMPP/xamppfiles/htdocs/eastongeo/wp-content/themes/eastongeo/header.php on line 30
[30-Apr-2025 23:13:06 UTC] PHP Warning:  Undefined variable $post_id in /Applications/XAMPP/xamppfiles/htdocs/eastongeo/wp-content/themes/eastongeo/header.php on line 21
[30-Apr-2025 23:13:06 UTC] PHP Warning:  Undefined variable $post_id in /Applications/XAMPP/xamppfiles/htdocs/eastongeo/wp-content/themes/eastongeo/header.php on line 24
[30-Apr-2025 23:13:06 UTC] PHP Warning:  Undefined variable $post_id in /Applications/XAMPP/xamppfiles/htdocs/eastongeo/wp-content/themes/eastongeo/header.php on line 27
[30-Apr-2025 23:13:06 UTC] PHP Warning:  Undefined variable $post_id in /Applications/XAMPP/xamppfiles/htdocs/eastongeo/wp-content/themes/eastongeo/header.php on line 30
[30-Apr-2025 23:15:09 UTC] PHP Warning:  Undefined variable $post_id in /Applications/XAMPP/xamppfiles/htdocs/eastongeo/wp-content/themes/eastongeo/header.php on line 21
[30-Apr-2025 23:15:09 UTC] PHP Warning:  Undefined variable $post_id in /Applications/XAMPP/xamppfiles/htdocs/eastongeo/wp-content/themes/eastongeo/header.php on line 24
[30-Apr-2025 23:15:09 UTC] PHP Warning:  Undefined variable $post_id in /Applications/XAMPP/xamppfiles/htdocs/eastongeo/wp-content/themes/eastongeo/header.php on line 27
[30-Apr-2025 23:15:09 UTC] PHP Warning:  Undefined variable $post_id in /Applications/XAMPP/xamppfiles/htdocs/eastongeo/wp-content/themes/eastongeo/header.php on line 30
[30-Apr-2025 23:19:52 UTC] PHP Warning:  Undefined variable $post_id in /Applications/XAMPP/xamppfiles/htdocs/eastongeo/wp-content/themes/eastongeo/header.php on line 21
[30-Apr-2025 23:19:52 UTC] PHP Warning:  Undefined variable $post_id in /Applications/XAMPP/xamppfiles/htdocs/eastongeo/wp-content/themes/eastongeo/header.php on line 24
[30-Apr-2025 23:19:52 UTC] PHP Warning:  Undefined variable $post_id in /Applications/XAMPP/xamppfiles/htdocs/eastongeo/wp-content/themes/eastongeo/header.php on line 27
[30-Apr-2025 23:19:52 UTC] PHP Warning:  Undefined variable $post_id in /Applications/XAMPP/xamppfiles/htdocs/eastongeo/wp-content/themes/eastongeo/header.php on line 30
[30-Apr-2025 23:21:14 UTC] PHP Warning:  Undefined variable $post_id in /Applications/XAMPP/xamppfiles/htdocs/eastongeo/wp-content/themes/eastongeo/header.php on line 21
[30-Apr-2025 23:21:14 UTC] PHP Warning:  Undefined variable $post_id in /Applications/XAMPP/xamppfiles/htdocs/eastongeo/wp-content/themes/eastongeo/header.php on line 24
[30-Apr-2025 23:21:14 UTC] PHP Warning:  Undefined variable $post_id in /Applications/XAMPP/xamppfiles/htdocs/eastongeo/wp-content/themes/eastongeo/header.php on line 27
[30-Apr-2025 23:21:14 UTC] PHP Warning:  Undefined variable $post_id in /Applications/XAMPP/xamppfiles/htdocs/eastongeo/wp-content/themes/eastongeo/header.php on line 30
[30-Apr-2025 23:22:03 UTC] PHP Warning:  Undefined variable $post_id in /Applications/XAMPP/xamppfiles/htdocs/eastongeo/wp-content/themes/eastongeo/header.php on line 21
[30-Apr-2025 23:22:03 UTC] PHP Warning:  Undefined variable $post_id in /Applications/XAMPP/xamppfiles/htdocs/eastongeo/wp-content/themes/eastongeo/header.php on line 24
[30-Apr-2025 23:22:03 UTC] PHP Warning:  Undefined variable $post_id in /Applications/XAMPP/xamppfiles/htdocs/eastongeo/wp-content/themes/eastongeo/header.php on line 27
[30-Apr-2025 23:22:03 UTC] PHP Warning:  Undefined variable $post_id in /Applications/XAMPP/xamppfiles/htdocs/eastongeo/wp-content/themes/eastongeo/header.php on line 30
[30-Apr-2025 23:23:40 UTC] PHP Warning:  Undefined variable $post_id in /Applications/XAMPP/xamppfiles/htdocs/eastongeo/wp-content/themes/eastongeo/header.php on line 21
[30-Apr-2025 23:23:40 UTC] PHP Warning:  Undefined variable $post_id in /Applications/XAMPP/xamppfiles/htdocs/eastongeo/wp-content/themes/eastongeo/header.php on line 24
[30-Apr-2025 23:23:40 UTC] PHP Warning:  Undefined variable $post_id in /Applications/XAMPP/xamppfiles/htdocs/eastongeo/wp-content/themes/eastongeo/header.php on line 27
[30-Apr-2025 23:23:40 UTC] PHP Warning:  Undefined variable $post_id in /Applications/XAMPP/xamppfiles/htdocs/eastongeo/wp-content/themes/eastongeo/header.php on line 30
[30-Apr-2025 23:24:56 UTC] PHP Warning:  Undefined variable $post_id in /Applications/XAMPP/xamppfiles/htdocs/eastongeo/wp-content/themes/eastongeo/header.php on line 21
[30-Apr-2025 23:24:56 UTC] PHP Warning:  Undefined variable $post_id in /Applications/XAMPP/xamppfiles/htdocs/eastongeo/wp-content/themes/eastongeo/header.php on line 24
[30-Apr-2025 23:24:56 UTC] PHP Warning:  Undefined variable $post_id in /Applications/XAMPP/xamppfiles/htdocs/eastongeo/wp-content/themes/eastongeo/header.php on line 27
[30-Apr-2025 23:24:56 UTC] PHP Warning:  Undefined variable $post_id in /Applications/XAMPP/xamppfiles/htdocs/eastongeo/wp-content/themes/eastongeo/header.php on line 30
[30-Apr-2025 23:25:01 UTC] PHP Warning:  Undefined variable $post_id in /Applications/XAMPP/xamppfiles/htdocs/eastongeo/wp-content/themes/eastongeo/header.php on line 21
[30-Apr-2025 23:25:01 UTC] PHP Warning:  Undefined variable $post_id in /Applications/XAMPP/xamppfiles/htdocs/eastongeo/wp-content/themes/eastongeo/header.php on line 24
[30-Apr-2025 23:25:01 UTC] PHP Warning:  Undefined variable $post_id in /Applications/XAMPP/xamppfiles/htdocs/eastongeo/wp-content/themes/eastongeo/header.php on line 27
[30-Apr-2025 23:25:01 UTC] PHP Warning:  Undefined variable $post_id in /Applications/XAMPP/xamppfiles/htdocs/eastongeo/wp-content/themes/eastongeo/header.php on line 30
[30-Apr-2025 23:26:15 UTC] PHP Warning:  Undefined variable $post_id in /Applications/XAMPP/xamppfiles/htdocs/eastongeo/wp-content/themes/eastongeo/header.php on line 21
[30-Apr-2025 23:26:15 UTC] PHP Warning:  Undefined variable $post_id in /Applications/XAMPP/xamppfiles/htdocs/eastongeo/wp-content/themes/eastongeo/header.php on line 24
[30-Apr-2025 23:26:15 UTC] PHP Warning:  Undefined variable $post_id in /Applications/XAMPP/xamppfiles/htdocs/eastongeo/wp-content/themes/eastongeo/header.php on line 27
[30-Apr-2025 23:26:15 UTC] PHP Warning:  Undefined variable $post_id in /Applications/XAMPP/xamppfiles/htdocs/eastongeo/wp-content/themes/eastongeo/header.php on line 30
[30-Apr-2025 23:27:57 UTC] PHP Warning:  Undefined variable $post_id in /Applications/XAMPP/xamppfiles/htdocs/eastongeo/wp-content/themes/eastongeo/header.php on line 1
[30-Apr-2025 23:27:57 UTC] PHP Warning:  Undefined variable $post_id in /Applications/XAMPP/xamppfiles/htdocs/eastongeo/wp-content/themes/eastongeo/header.php on line 23
[30-Apr-2025 23:27:57 UTC] PHP Warning:  Undefined variable $post_id in /Applications/XAMPP/xamppfiles/htdocs/eastongeo/wp-content/themes/eastongeo/header.php on line 26
[30-Apr-2025 23:27:57 UTC] PHP Warning:  Undefined variable $post_id in /Applications/XAMPP/xamppfiles/htdocs/eastongeo/wp-content/themes/eastongeo/header.php on line 29
[30-Apr-2025 23:27:57 UTC] PHP Warning:  Undefined variable $post_id in /Applications/XAMPP/xamppfiles/htdocs/eastongeo/wp-content/themes/eastongeo/header.php on line 32
[30-Apr-2025 23:28:11 UTC] PHP Warning:  Undefined variable $post_id in /Applications/XAMPP/xamppfiles/htdocs/eastongeo/wp-content/themes/eastongeo/header.php on line 1
[30-Apr-2025 23:28:11 UTC] PHP Warning:  Undefined variable $post_id in /Applications/XAMPP/xamppfiles/htdocs/eastongeo/wp-content/themes/eastongeo/header.php on line 23
[30-Apr-2025 23:28:11 UTC] PHP Warning:  Undefined variable $post_id in /Applications/XAMPP/xamppfiles/htdocs/eastongeo/wp-content/themes/eastongeo/header.php on line 26
[30-Apr-2025 23:28:11 UTC] PHP Warning:  Undefined variable $post_id in /Applications/XAMPP/xamppfiles/htdocs/eastongeo/wp-content/themes/eastongeo/header.php on line 29
[30-Apr-2025 23:28:11 UTC] PHP Warning:  Undefined variable $post_id in /Applications/XAMPP/xamppfiles/htdocs/eastongeo/wp-content/themes/eastongeo/header.php on line 32
[30-Apr-2025 23:28:17 UTC] PHP Warning:  Undefined variable $post_id in /Applications/XAMPP/xamppfiles/htdocs/eastongeo/wp-content/themes/eastongeo/header.php on line 1
[30-Apr-2025 23:28:17 UTC] PHP Warning:  Undefined variable $post_id in /Applications/XAMPP/xamppfiles/htdocs/eastongeo/wp-content/themes/eastongeo/header.php on line 23
[30-Apr-2025 23:28:17 UTC] PHP Warning:  Undefined variable $post_id in /Applications/XAMPP/xamppfiles/htdocs/eastongeo/wp-content/themes/eastongeo/header.php on line 26
[30-Apr-2025 23:28:17 UTC] PHP Warning:  Undefined variable $post_id in /Applications/XAMPP/xamppfiles/htdocs/eastongeo/wp-content/themes/eastongeo/header.php on line 29
[30-Apr-2025 23:28:17 UTC] PHP Warning:  Undefined variable $post_id in /Applications/XAMPP/xamppfiles/htdocs/eastongeo/wp-content/themes/eastongeo/header.php on line 32
[30-Apr-2025 23:28:20 UTC] PHP Warning:  Undefined variable $post_id in /Applications/XAMPP/xamppfiles/htdocs/eastongeo/wp-content/themes/eastongeo/header.php on line 1
[30-Apr-2025 23:28:20 UTC] PHP Warning:  Undefined variable $post_id in /Applications/XAMPP/xamppfiles/htdocs/eastongeo/wp-content/themes/eastongeo/header.php on line 23
[30-Apr-2025 23:28:20 UTC] PHP Warning:  Undefined variable $post_id in /Applications/XAMPP/xamppfiles/htdocs/eastongeo/wp-content/themes/eastongeo/header.php on line 26
[30-Apr-2025 23:28:20 UTC] PHP Warning:  Undefined variable $post_id in /Applications/XAMPP/xamppfiles/htdocs/eastongeo/wp-content/themes/eastongeo/header.php on line 29
[30-Apr-2025 23:28:20 UTC] PHP Warning:  Undefined variable $post_id in /Applications/XAMPP/xamppfiles/htdocs/eastongeo/wp-content/themes/eastongeo/header.php on line 32
[30-Apr-2025 23:28:31 UTC] PHP Warning:  Undefined variable $post_id in /Applications/XAMPP/xamppfiles/htdocs/eastongeo/wp-content/themes/eastongeo/header.php on line 1
[30-Apr-2025 23:28:31 UTC] PHP Warning:  Undefined variable $post_id in /Applications/XAMPP/xamppfiles/htdocs/eastongeo/wp-content/themes/eastongeo/header.php on line 23
[30-Apr-2025 23:28:31 UTC] PHP Warning:  Undefined variable $post_id in /Applications/XAMPP/xamppfiles/htdocs/eastongeo/wp-content/themes/eastongeo/header.php on line 26
[30-Apr-2025 23:28:31 UTC] PHP Warning:  Undefined variable $post_id in /Applications/XAMPP/xamppfiles/htdocs/eastongeo/wp-content/themes/eastongeo/header.php on line 29
[30-Apr-2025 23:28:31 UTC] PHP Warning:  Undefined variable $post_id in /Applications/XAMPP/xamppfiles/htdocs/eastongeo/wp-content/themes/eastongeo/header.php on line 32
[30-Apr-2025 23:28:50 UTC] PHP Warning:  Undefined variable $post_id in /Applications/XAMPP/xamppfiles/htdocs/eastongeo/wp-content/themes/eastongeo/header.php on line 1
[30-Apr-2025 23:28:50 UTC] PHP Warning:  Undefined variable $post_id in /Applications/XAMPP/xamppfiles/htdocs/eastongeo/wp-content/themes/eastongeo/header.php on line 23
[30-Apr-2025 23:28:50 UTC] PHP Warning:  Undefined variable $post_id in /Applications/XAMPP/xamppfiles/htdocs/eastongeo/wp-content/themes/eastongeo/header.php on line 26
[30-Apr-2025 23:28:50 UTC] PHP Warning:  Undefined variable $post_id in /Applications/XAMPP/xamppfiles/htdocs/eastongeo/wp-content/themes/eastongeo/header.php on line 29
[30-Apr-2025 23:28:50 UTC] PHP Warning:  Undefined variable $post_id in /Applications/XAMPP/xamppfiles/htdocs/eastongeo/wp-content/themes/eastongeo/header.php on line 32
[30-Apr-2025 23:28:53 UTC] PHP Warning:  Undefined variable $post_id in /Applications/XAMPP/xamppfiles/htdocs/eastongeo/wp-content/themes/eastongeo/header.php on line 1
[30-Apr-2025 23:28:53 UTC] PHP Warning:  Undefined variable $post_id in /Applications/XAMPP/xamppfiles/htdocs/eastongeo/wp-content/themes/eastongeo/header.php on line 23
[30-Apr-2025 23:28:53 UTC] PHP Warning:  Undefined variable $post_id in /Applications/XAMPP/xamppfiles/htdocs/eastongeo/wp-content/themes/eastongeo/header.php on line 26
[30-Apr-2025 23:28:53 UTC] PHP Warning:  Undefined variable $post_id in /Applications/XAMPP/xamppfiles/htdocs/eastongeo/wp-content/themes/eastongeo/header.php on line 29
[30-Apr-2025 23:28:53 UTC] PHP Warning:  Undefined variable $post_id in /Applications/XAMPP/xamppfiles/htdocs/eastongeo/wp-content/themes/eastongeo/header.php on line 32
[30-Apr-2025 23:28:55 UTC] PHP Warning:  Undefined variable $post_id in /Applications/XAMPP/xamppfiles/htdocs/eastongeo/wp-content/themes/eastongeo/header.php on line 1
[30-Apr-2025 23:28:55 UTC] PHP Warning:  Undefined variable $post_id in /Applications/XAMPP/xamppfiles/htdocs/eastongeo/wp-content/themes/eastongeo/header.php on line 23
[30-Apr-2025 23:28:55 UTC] PHP Warning:  Undefined variable $post_id in /Applications/XAMPP/xamppfiles/htdocs/eastongeo/wp-content/themes/eastongeo/header.php on line 26
[30-Apr-2025 23:28:55 UTC] PHP Warning:  Undefined variable $post_id in /Applications/XAMPP/xamppfiles/htdocs/eastongeo/wp-content/themes/eastongeo/header.php on line 29
[30-Apr-2025 23:28:55 UTC] PHP Warning:  Undefined variable $post_id in /Applications/XAMPP/xamppfiles/htdocs/eastongeo/wp-content/themes/eastongeo/header.php on line 32
[30-Apr-2025 23:28:58 UTC] PHP Warning:  Undefined variable $post_id in /Applications/XAMPP/xamppfiles/htdocs/eastongeo/wp-content/themes/eastongeo/header.php on line 1
[30-Apr-2025 23:28:58 UTC] PHP Warning:  Undefined variable $post_id in /Applications/XAMPP/xamppfiles/htdocs/eastongeo/wp-content/themes/eastongeo/header.php on line 23
[30-Apr-2025 23:28:58 UTC] PHP Warning:  Undefined variable $post_id in /Applications/XAMPP/xamppfiles/htdocs/eastongeo/wp-content/themes/eastongeo/header.php on line 26
[30-Apr-2025 23:28:58 UTC] PHP Warning:  Undefined variable $post_id in /Applications/XAMPP/xamppfiles/htdocs/eastongeo/wp-content/themes/eastongeo/header.php on line 29
[30-Apr-2025 23:28:58 UTC] PHP Warning:  Undefined variable $post_id in /Applications/XAMPP/xamppfiles/htdocs/eastongeo/wp-content/themes/eastongeo/header.php on line 32
[30-Apr-2025 23:29:00 UTC] PHP Warning:  Undefined variable $post_id in /Applications/XAMPP/xamppfiles/htdocs/eastongeo/wp-content/themes/eastongeo/header.php on line 1
[30-Apr-2025 23:29:00 UTC] PHP Warning:  Undefined variable $post_id in /Applications/XAMPP/xamppfiles/htdocs/eastongeo/wp-content/themes/eastongeo/header.php on line 23
[30-Apr-2025 23:29:00 UTC] PHP Warning:  Undefined variable $post_id in /Applications/XAMPP/xamppfiles/htdocs/eastongeo/wp-content/themes/eastongeo/header.php on line 26
[30-Apr-2025 23:29:00 UTC] PHP Warning:  Undefined variable $post_id in /Applications/XAMPP/xamppfiles/htdocs/eastongeo/wp-content/themes/eastongeo/header.php on line 29
[30-Apr-2025 23:29:00 UTC] PHP Warning:  Undefined variable $post_id in /Applications/XAMPP/xamppfiles/htdocs/eastongeo/wp-content/themes/eastongeo/header.php on line 32
[30-Apr-2025 23:31:13 UTC] PHP Warning:  Undefined variable $post_id in /Applications/XAMPP/xamppfiles/htdocs/eastongeo/wp-content/themes/eastongeo/header.php on line 1
[30-Apr-2025 23:31:13 UTC] PHP Warning:  Undefined variable $post_id in /Applications/XAMPP/xamppfiles/htdocs/eastongeo/wp-content/themes/eastongeo/header.php on line 23
[30-Apr-2025 23:31:13 UTC] PHP Warning:  Undefined variable $post_id in /Applications/XAMPP/xamppfiles/htdocs/eastongeo/wp-content/themes/eastongeo/header.php on line 26
[30-Apr-2025 23:31:13 UTC] PHP Warning:  Undefined variable $post_id in /Applications/XAMPP/xamppfiles/htdocs/eastongeo/wp-content/themes/eastongeo/header.php on line 29
[30-Apr-2025 23:31:13 UTC] PHP Warning:  Undefined variable $post_id in /Applications/XAMPP/xamppfiles/htdocs/eastongeo/wp-content/themes/eastongeo/header.php on line 32
[30-Apr-2025 23:31:20 UTC] PHP Warning:  Undefined variable $post_id in /Applications/XAMPP/xamppfiles/htdocs/eastongeo/wp-content/themes/eastongeo/header.php on line 1
[30-Apr-2025 23:31:20 UTC] PHP Warning:  Undefined variable $post_id in /Applications/XAMPP/xamppfiles/htdocs/eastongeo/wp-content/themes/eastongeo/header.php on line 23
[30-Apr-2025 23:31:20 UTC] PHP Warning:  Undefined variable $post_id in /Applications/XAMPP/xamppfiles/htdocs/eastongeo/wp-content/themes/eastongeo/header.php on line 26
[30-Apr-2025 23:31:20 UTC] PHP Warning:  Undefined variable $post_id in /Applications/XAMPP/xamppfiles/htdocs/eastongeo/wp-content/themes/eastongeo/header.php on line 29
[30-Apr-2025 23:31:20 UTC] PHP Warning:  Undefined variable $post_id in /Applications/XAMPP/xamppfiles/htdocs/eastongeo/wp-content/themes/eastongeo/header.php on line 32
[30-Apr-2025 23:31:22 UTC] PHP Warning:  Undefined variable $post_id in /Applications/XAMPP/xamppfiles/htdocs/eastongeo/wp-content/themes/eastongeo/header.php on line 1
[30-Apr-2025 23:31:22 UTC] PHP Warning:  Undefined variable $post_id in /Applications/XAMPP/xamppfiles/htdocs/eastongeo/wp-content/themes/eastongeo/header.php on line 23
[30-Apr-2025 23:31:22 UTC] PHP Warning:  Undefined variable $post_id in /Applications/XAMPP/xamppfiles/htdocs/eastongeo/wp-content/themes/eastongeo/header.php on line 26
[30-Apr-2025 23:31:22 UTC] PHP Warning:  Undefined variable $post_id in /Applications/XAMPP/xamppfiles/htdocs/eastongeo/wp-content/themes/eastongeo/header.php on line 29
[30-Apr-2025 23:31:22 UTC] PHP Warning:  Undefined variable $post_id in /Applications/XAMPP/xamppfiles/htdocs/eastongeo/wp-content/themes/eastongeo/header.php on line 32
[01-May-2025 20:16:38 UTC] Automatic updates starting...
[01-May-2025 20:16:40 UTC] Automatic updates complete.
[06-May-2025 21:29:03 UTC] Automatic updates starting...
[06-May-2025 21:29:03 UTC] Automatic updates complete.
[06-May-2025 21:34:33 UTC] PHP Warning:  Undefined variable $active in /Applications/XAMPP/xamppfiles/htdocs/eastongeo/wp-content/themes/eastongeo/header.php on line 33
[06-May-2025 21:34:33 UTC] PHP Warning:  Undefined variable $active in /Applications/XAMPP/xamppfiles/htdocs/eastongeo/wp-content/themes/eastongeo/header.php on line 35
[06-May-2025 21:34:33 UTC] PHP Warning:  Undefined variable $active in /Applications/XAMPP/xamppfiles/htdocs/eastongeo/wp-content/themes/eastongeo/header.php on line 37
[06-May-2025 21:34:33 UTC] PHP Warning:  Undefined variable $active in /Applications/XAMPP/xamppfiles/htdocs/eastongeo/wp-content/themes/eastongeo/header.php on line 39
[06-May-2025 21:40:23 UTC] PHP Warning:  Undefined variable $active in /Applications/XAMPP/xamppfiles/htdocs/eastongeo/wp-content/themes/eastongeo/header.php on line 33
[06-May-2025 21:40:23 UTC] PHP Warning:  Undefined variable $active in /Applications/XAMPP/xamppfiles/htdocs/eastongeo/wp-content/themes/eastongeo/header.php on line 35
[06-May-2025 21:40:23 UTC] PHP Warning:  Undefined variable $active in /Applications/XAMPP/xamppfiles/htdocs/eastongeo/wp-content/themes/eastongeo/header.php on line 37
[06-May-2025 21:40:23 UTC] PHP Warning:  Undefined variable $active in /Applications/XAMPP/xamppfiles/htdocs/eastongeo/wp-content/themes/eastongeo/header.php on line 39
[06-May-2025 21:40:27 UTC] PHP Warning:  Undefined variable $active in /Applications/XAMPP/xamppfiles/htdocs/eastongeo/wp-content/themes/eastongeo/header.php on line 33
[06-May-2025 21:40:27 UTC] PHP Warning:  Undefined variable $active in /Applications/XAMPP/xamppfiles/htdocs/eastongeo/wp-content/themes/eastongeo/header.php on line 35
[06-May-2025 21:40:27 UTC] PHP Warning:  Undefined variable $active in /Applications/XAMPP/xamppfiles/htdocs/eastongeo/wp-content/themes/eastongeo/header.php on line 37
[06-May-2025 21:40:27 UTC] PHP Warning:  Undefined variable $active in /Applications/XAMPP/xamppfiles/htdocs/eastongeo/wp-content/themes/eastongeo/header.php on line 39
[06-May-2025 21:47:01 UTC] PHP Warning:  Undefined variable $active in /Applications/XAMPP/xamppfiles/htdocs/eastongeo/wp-content/themes/eastongeo/header.php on line 33
[06-May-2025 21:47:01 UTC] PHP Warning:  Undefined variable $active in /Applications/XAMPP/xamppfiles/htdocs/eastongeo/wp-content/themes/eastongeo/header.php on line 35
[06-May-2025 21:47:01 UTC] PHP Warning:  Undefined variable $active in /Applications/XAMPP/xamppfiles/htdocs/eastongeo/wp-content/themes/eastongeo/header.php on line 37
[06-May-2025 21:47:01 UTC] PHP Warning:  Undefined variable $active in /Applications/XAMPP/xamppfiles/htdocs/eastongeo/wp-content/themes/eastongeo/header.php on line 39
[06-May-2025 22:03:04 UTC] PHP Warning:  Undefined variable $active in /Applications/XAMPP/xamppfiles/htdocs/eastongeo/wp-content/themes/eastongeo/header.php on line 33
[06-May-2025 22:03:04 UTC] PHP Warning:  Undefined variable $active in /Applications/XAMPP/xamppfiles/htdocs/eastongeo/wp-content/themes/eastongeo/header.php on line 35
[06-May-2025 22:03:04 UTC] PHP Warning:  Undefined variable $active in /Applications/XAMPP/xamppfiles/htdocs/eastongeo/wp-content/themes/eastongeo/header.php on line 37
[06-May-2025 22:03:04 UTC] PHP Warning:  Undefined variable $active in /Applications/XAMPP/xamppfiles/htdocs/eastongeo/wp-content/themes/eastongeo/header.php on line 39
[06-May-2025 22:03:07 UTC] PHP Warning:  Undefined variable $active in /Applications/XAMPP/xamppfiles/htdocs/eastongeo/wp-content/themes/eastongeo/header.php on line 33
[06-May-2025 22:03:07 UTC] PHP Warning:  Undefined variable $active in /Applications/XAMPP/xamppfiles/htdocs/eastongeo/wp-content/themes/eastongeo/header.php on line 35
[06-May-2025 22:03:07 UTC] PHP Warning:  Undefined variable $active in /Applications/XAMPP/xamppfiles/htdocs/eastongeo/wp-content/themes/eastongeo/header.php on line 37
[06-May-2025 22:03:07 UTC] PHP Warning:  Undefined variable $active in /Applications/XAMPP/xamppfiles/htdocs/eastongeo/wp-content/themes/eastongeo/header.php on line 39
[06-May-2025 22:12:30 UTC] PHP Warning:  Undefined variable $active in /Applications/XAMPP/xamppfiles/htdocs/eastongeo/wp-content/themes/eastongeo/header.php on line 33
[06-May-2025 22:12:30 UTC] PHP Warning:  Undefined variable $active in /Applications/XAMPP/xamppfiles/htdocs/eastongeo/wp-content/themes/eastongeo/header.php on line 35
[06-May-2025 22:12:30 UTC] PHP Warning:  Undefined variable $active in /Applications/XAMPP/xamppfiles/htdocs/eastongeo/wp-content/themes/eastongeo/header.php on line 37
[06-May-2025 22:12:30 UTC] PHP Warning:  Undefined variable $active in /Applications/XAMPP/xamppfiles/htdocs/eastongeo/wp-content/themes/eastongeo/header.php on line 39
[06-May-2025 22:12:35 UTC] PHP Warning:  Undefined variable $active in /Applications/XAMPP/xamppfiles/htdocs/eastongeo/wp-content/themes/eastongeo/header.php on line 33
[06-May-2025 22:12:35 UTC] PHP Warning:  Undefined variable $active in /Applications/XAMPP/xamppfiles/htdocs/eastongeo/wp-content/themes/eastongeo/header.php on line 35
[06-May-2025 22:12:35 UTC] PHP Warning:  Undefined variable $active in /Applications/XAMPP/xamppfiles/htdocs/eastongeo/wp-content/themes/eastongeo/header.php on line 37
[06-May-2025 22:12:35 UTC] PHP Warning:  Undefined variable $active in /Applications/XAMPP/xamppfiles/htdocs/eastongeo/wp-content/themes/eastongeo/header.php on line 39
[06-May-2025 22:12:36 UTC] PHP Warning:  Undefined variable $active in /Applications/XAMPP/xamppfiles/htdocs/eastongeo/wp-content/themes/eastongeo/header.php on line 33
[06-May-2025 22:12:36 UTC] PHP Warning:  Undefined variable $active in /Applications/XAMPP/xamppfiles/htdocs/eastongeo/wp-content/themes/eastongeo/header.php on line 35
[06-May-2025 22:12:36 UTC] PHP Warning:  Undefined variable $active in /Applications/XAMPP/xamppfiles/htdocs/eastongeo/wp-content/themes/eastongeo/header.php on line 37
[06-May-2025 22:12:36 UTC] PHP Warning:  Undefined variable $active in /Applications/XAMPP/xamppfiles/htdocs/eastongeo/wp-content/themes/eastongeo/header.php on line 39
[07-May-2025 17:24:02 UTC] Automatic updates starting...
[07-May-2025 17:24:03 UTC]   Automatic plugin updates starting...
[07-May-2025 17:24:03 UTC]   Automatic plugin updates complete.
[07-May-2025 17:24:03 UTC] Automatic updates complete.
